<beans xmlns="http://www.springframework.org/schema/beans"
	xmlns:xsi="http://www.w3.org/2001/XMLSchema-instance" xmlns:p="http://www.springframework.org/schema/p"
	xmlns:aop="http://www.springframework.org/schema/aop" xmlns:tx="http://www.springframework.org/schema/tx"
	xsi:schemaLocation="http://www.springframework.org/schema/beans
                           http://www.springframework.org/schema/beans/spring-beans-2.0.xsd
                           http://www.springframework.org/schema/tx
                           http://www.springframework.org/schema/tx/spring-tx-2.0.xsd
                           http://www.springframework.org/schema/aop
                           http://www.springframework.org/schema/aop/spring-aop-2.0.xsd">
	<bean class="org.springframework.beans.factory.config.PropertyPlaceholderConfigurer">
		<property name="locations">
			<value>classpath:test.properties</value>
		</property>
	</bean>
	
	<bean id="jotm" class="org.springframework.transaction.jta.JotmFactoryBean">
      <property name="defaultTimeout" value="60000"/>
    </bean>
    
    <alias name="jotm" alias="jtaTransactionManager"/>
    <alias name="jotm" alias="jtaUserTransaction"/>
	
	<!-- Default Datasource -->
	<bean id="coreDataSource"
		class="org.kuali.rice.student.core.database.DerbyXAPoolDataSource">
		 <property name="transactionManager" ref="jotm" />
		<property name="driverClassName" value="${ks.core.datasource.driver.name}" />
		<property name="maxSize" value="${ks.core.datasource.maxSize}" />
		<property name="minSize" value="${ks.core.datasource.minSize}" />
		<property name="maxWait" value="${ks.core.datasource.maxWait}" />
		<property name="validationQuery" value="${ks.core.datasource.validationQuery}" />
		<property name="url" value="${ks.core.datasource.url}" />
		<property name="username" value="${ks.core.datasource.username}" />
		<property name="password" value="${ks.core.datasource.password}" />
	</bean>

    <!-- Default JPA EntityManagerFactory -->
    <bean id="coreDefaultEntityManagerFactory" abstract="true"
        class="org.springframework.orm.jpa.LocalContainerEntityManagerFactoryBean">
        <property name="jpaVendorAdapter">
            <bean class="org.springframework.orm.jpa.vendor.HibernateJpaVendorAdapter">
                <property name="databasePlatform"
                    value="${ks.core.jpa.DatabasePlatform}" />
                <property name="showSql" value="${ks.core.jpa.showSql}" />
                <property name="generateDdl" value="${ks.core.jpa.generateDdl}" />
            </bean>
        </property>
        <property name="jpaPropertyMap">
            <map>
                <entry key="hibernate.transaction.manager_lookup_class" value="${ks.core.jpa.JpaProperties.hibernate.transaction.manager_lookup_class}"/>
                <entry key="hibernate.hbm2ddl.auto" value="${ks.core.jpa.JpaProperties.hibernate.hbm2ddl.auto}"/>
                <entry key="hibernate.connection.release_mode" value="${ks.core.jpa.JpaProperties.hibernate.connection.release_mode}"/>
               	<!--<entry key="hibernate.connection.autocommit" value="${ks.core.jpa.JpaProperties.hibernate.connection.autocommit}"/>-->
            </map>
        </property>
    </bean>
    
    <!--  Organization Service Config -->
    <bean id="orgEntityManagerFactory" parent="coreDefaultEntityManagerFactory">
        <property name="persistenceUnitName" value="umdOrganization"/>
        <property name="persistenceXmlLocation" value="classpath:META-INF/umd-cm-organization-persistence.xml" />
        <property name="dataSource" ref="coreDataSource" />
    </bean>

    <bean id="orgEntityManager" class="org.springframework.orm.jpa.support.SharedEntityManagerBean">
        <property name="entityManagerFactory" ref="orgEntityManagerFactory" />
    </bean>

    <bean id="orgDao"
        class="edu.umd.ks.cm.core.organization.dao.OrganizationAndPrefixDaoImplUMD">
        <property name="em" ref="orgEntityManager" />
    </bean>
    
    <bean id="orgSearchManager"
        class="org.kuali.student.common.search.service.impl.SearchManagerImpl">
        <constructor-arg index="0" value="classpath:umd-cm-organization-prefix-search-config.xml" />
    </bean>

    <bean id="orgServiceImpl"
        class="edu.umd.ks.cm.core.organization.service.impl.OrganizationAndPrefixServiceImplUMD">
        <property name="dao" ref="orgDao" />
        <property name="searchManager" ref="orgSearchManager" />
    </bean>
</beans>